<?xml version="1.0" encoding="utf-8"?><testsuites name="pytest tests"><testsuite name="pytest" errors="0" failures="0" skipped="0" tests="9" time="2.294" timestamp="2026-07-13T11:02:53.711246+00:00" hostname="agent-env-06fecb4b-9717-40fe-936f-8321b35e7ef0"><testcase classname="backend.tests.test_create_order" name="test_create_order_success" time="0.694" /><testcase classname="backend.tests.test_create_order" name="test_create_order_uses_default_pickup_address" time="0.107" /><testcase classname="backend.tests.test_create_order" name="test_create_order_requires_auth" time="0.100" /><testcase classname="backend.tests.test_create_order" name="test_create_order_reject_prohibited_not_accepted" time="0.100" /><testcase classname="backend.tests.test_create_order" name="test_create_order_reject_empty_description" time="0.135" /><testcase classname="backend.tests.test_create_order" name="test_my_boxes_contains_created_orders" time="0.124" /><testcase classname="backend.tests.test_create_order" name="test_my_boxes_sorted_newest_first" time="0.159" /><testcase classname="backend.tests.test_create_order" name="test_my_boxes_isolation_between_users" time="0.552" /><testcase classname="backend.tests.test_create_order" name="test_customer_box_visible_in_admin_boxes_list" time="0.242" /></testsuite></testsuites>