<?xml version="1.0" encoding="utf-8"?><testsuites name="pytest tests"><testsuite name="pytest" errors="0" failures="0" skipped="0" tests="15" time="2.872" timestamp="2026-07-13T10:52:53.742629+00:00" hostname="agent-env-06fecb4b-9717-40fe-936f-8321b35e7ef0"><testcase classname="backend.tests.test_auth" name="test_register_success" time="0.511" /><testcase classname="backend.tests.test_auth" name="test_register_reject_no_accept_terms" time="0.044" /><testcase classname="backend.tests.test_auth" name="test_register_reject_short_password" time="0.044" /><testcase classname="backend.tests.test_auth" name="test_register_reject_duplicate_email" time="0.044" /><testcase classname="backend.tests.test_auth" name="test_register_reject_duplicate_phone" time="0.044" /><testcase classname="backend.tests.test_auth" name="test_login_by_email" time="0.274" /><testcase classname="backend.tests.test_auth" name="test_login_by_phone" time="0.273" /><testcase classname="backend.tests.test_auth" name="test_login_wrong_password" time="0.267" /><testcase classname="backend.tests.test_auth" name="test_login_unknown_user" time="0.046" /><testcase classname="backend.tests.test_auth" name="test_me_with_bearer_token" time="0.102" /><testcase classname="backend.tests.test_auth" name="test_me_without_token" time="0.134" /><testcase classname="backend.tests.test_auth" name="test_me_invalid_token" time="0.104" /><testcase classname="backend.tests.test_auth" name="test_logout_clears_cookie" time="0.397" /><testcase classname="backend.tests.test_auth" name="test_password_hashed_bcrypt" time="0.098" /><testcase classname="backend.tests.test_auth" name="test_my_boxes_empty_for_new_user" time="0.098" /></testsuite></testsuites>